Creating patient directories
Starting parameter sweep
07:03:17 - OI2: INFO - Duplicated gene symbols in the prize file (we'll keep the max prize):
07:03:17 - OI2: INFO - []
07:03:17 - OI2: INFO - Members of the prize file not present in the interactome:
07:03:17 - OI2: INFO - ['ECM2', 'FGF16', 'FNDC7', 'FOXQ1', 'PRG3', 'TECTA']
07:03:18 - OI2: INFO - Duplicated gene symbols in the prize file (we'll keep the max prize):
07:03:18 - OI2: INFO - []
07:03:18 - OI2: INFO - Members of the prize file not present in the interactome:
07:03:18 - OI2: INFO - ['ECM2', 'FGF16', 'FNDC7', 'FOXQ1', 'PRG3', 'TECTA']
07:03:18 - OI2: INFO - Single PCSF run for W_2.00_B_2.00_G_2.00
07:03:18 - OI2: INFO - Single PCSF run for W_2.00_B_2.00_G_3.00
07:03:18 - OI2: INFO - Single PCSF run for W_2.00_B_2.00_G_4.00
07:03:19 - OI2: INFO - Single PCSF run for W_2.00_B_2.00_G_5.00
07:03:19 - OI2: INFO - Single PCSF run for W_2.00_B_3.00_G_2.00
07:03:19 - OI2: INFO - Single PCSF run for W_2.00_B_3.00_G_3.00
07:03:19 - OI2: INFO - Single PCSF run for W_2.00_B_3.00_G_4.00
07:03:19 - OI2: INFO - Single PCSF run for W_2.00_B_3.00_G_5.00
07:03:20 - OI2: INFO - Single PCSF run for W_2.00_B_4.00_G_2.00
07:03:20 - OI2: INFO - Single PCSF run for W_2.00_B_4.00_G_3.00
07:03:20 - OI2: INFO - Single PCSF run for W_2.00_B_4.00_G_4.00
07:03:20 - OI2: INFO - Single PCSF run for W_2.00_B_4.00_G_5.00
07:03:20 - OI2: INFO - Single PCSF run for W_2.00_B_5.00_G_2.00
07:03:20 - OI2: INFO - Single PCSF run for W_2.00_B_5.00_G_3.00
07:03:21 - OI2: INFO - Single PCSF run for W_2.00_B_5.00_G_4.00
07:03:21 - OI2: INFO - Single PCSF run for W_2.00_B_5.00_G_5.00
07:03:21 - OI2: INFO - Single PCSF run for W_3.00_B_2.00_G_2.00
07:03:21 - OI2: INFO - Single PCSF run for W_3.00_B_2.00_G_3.00
07:03:21 - OI2: INFO - Single PCSF run for W_3.00_B_2.00_G_4.00
07:03:22 - OI2: INFO - Single PCSF run for W_3.00_B_2.00_G_5.00
07:03:22 - OI2: INFO - Single PCSF run for W_3.00_B_3.00_G_2.00
07:03:22 - OI2: INFO - Single PCSF run for W_3.00_B_3.00_G_3.00
07:03:22 - OI2: INFO - Single PCSF run for W_3.00_B_3.00_G_4.00
07:03:22 - OI2: INFO - Single PCSF run for W_3.00_B_3.00_G_5.00
07:03:22 - OI2: INFO - Single PCSF run for W_3.00_B_4.00_G_2.00
07:03:23 - OI2: INFO - Single PCSF run for W_3.00_B_4.00_G_3.00
07:03:23 - OI2: INFO - Single PCSF run for W_3.00_B_4.00_G_4.00
07:03:23 - OI2: INFO - Single PCSF run for W_3.00_B_4.00_G_5.00
07:03:23 - OI2: INFO - Single PCSF run for W_3.00_B_5.00_G_2.00
07:03:23 - OI2: INFO - Single PCSF run for W_3.00_B_5.00_G_3.00
07:03:24 - OI2: INFO - Single PCSF run for W_3.00_B_5.00_G_4.00
07:03:24 - OI2: INFO - Single PCSF run for W_3.00_B_5.00_G_5.00
07:03:24 - OI2: INFO - Single PCSF run for W_4.00_B_2.00_G_2.00
07:03:24 - OI2: INFO - Single PCSF run for W_4.00_B_2.00_G_3.00
07:03:24 - OI2: INFO - Single PCSF run for W_4.00_B_2.00_G_4.00
07:03:24 - OI2: INFO - Single PCSF run for W_4.00_B_2.00_G_5.00
07:03:25 - OI2: INFO - Single PCSF run for W_4.00_B_3.00_G_2.00
07:03:25 - OI2: INFO - Single PCSF run for W_4.00_B_3.00_G_3.00
07:03:25 - OI2: INFO - Single PCSF run for W_4.00_B_3.00_G_4.00
07:03:25 - OI2: INFO - Single PCSF run for W_4.00_B_3.00_G_5.00
07:03:25 - OI2: INFO - Single PCSF run for W_4.00_B_4.00_G_2.00
07:03:25 - OI2: INFO - Single PCSF run for W_4.00_B_4.00_G_3.00
07:03:26 - OI2: INFO - Single PCSF run for W_4.00_B_4.00_G_4.00
07:03:26 - OI2: INFO - Single PCSF run for W_4.00_B_4.00_G_5.00
07:03:26 - OI2: INFO - Single PCSF run for W_4.00_B_5.00_G_2.00
07:03:26 - OI2: INFO - Single PCSF run for W_4.00_B_5.00_G_3.00
07:03:26 - OI2: INFO - Single PCSF run for W_4.00_B_5.00_G_4.00
07:03:26 - OI2: INFO - Single PCSF run for W_4.00_B_5.00_G_5.00
07:03:27 - OI2: INFO - Single PCSF run for W_5.00_B_2.00_G_2.00
07:03:27 - OI2: INFO - Single PCSF run for W_5.00_B_2.00_G_3.00
07:03:27 - OI2: INFO - Single PCSF run for W_5.00_B_2.00_G_4.00
07:03:27 - OI2: INFO - Single PCSF run for W_5.00_B_2.00_G_5.00
07:03:27 - OI2: INFO - Single PCSF run for W_5.00_B_3.00_G_2.00
07:03:28 - OI2: INFO - Single PCSF run for W_5.00_B_3.00_G_3.00
07:03:28 - OI2: INFO - Single PCSF run for W_5.00_B_3.00_G_4.00
07:03:28 - OI2: INFO - Single PCSF run for W_5.00_B_3.00_G_5.00
07:03:28 - OI2: INFO - Single PCSF run for W_5.00_B_4.00_G_2.00
07:03:28 - OI2: INFO - Single PCSF run for W_5.00_B_4.00_G_3.00
07:03:28 - OI2: INFO - Single PCSF run for W_5.00_B_4.00_G_4.00
07:03:29 - OI2: INFO - Single PCSF run for W_5.00_B_4.00_G_5.00
07:03:29 - OI2: INFO - Single PCSF run for W_5.00_B_5.00_G_2.00
07:03:29 - OI2: INFO - Single PCSF run for W_5.00_B_5.00_G_3.00
07:03:29 - OI2: INFO - Single PCSF run for W_5.00_B_5.00_G_4.00
07:03:29 - OI2: INFO - Single PCSF run for W_5.00_B_5.00_G_5.00
07:03:34 - OI2: INFO - Duplicated gene symbols in the prize file (we'll keep the max prize):
07:03:34 - OI2: INFO - []
07:03:34 - OI2: INFO - Members of the prize file not present in the interactome:
07:03:34 - OI2: INFO - ['ECM2', 'FNDC1', 'FOXQ1', 'FREM3', 'PRG3', 'THSD4']
07:03:34 - OI2: INFO - Duplicated gene symbols in the prize file (we'll keep the max prize):
07:03:34 - OI2: INFO - []
07:03:34 - OI2: INFO - Members of the prize file not present in the interactome:
07:03:34 - OI2: INFO - ['ECM2', 'FNDC1', 'FOXQ1', 'FREM3', 'PRG3', 'THSD4']
07:03:35 - OI2: INFO - Single PCSF run for W_2.00_B_2.00_G_2.00
07:03:35 - OI2: INFO - Single PCSF run for W_2.00_B_2.00_G_3.00
07:03:35 - OI2: INFO - Single PCSF run for W_2.00_B_2.00_G_4.00
07:03:35 - OI2: INFO - Single PCSF run for W_2.00_B_2.00_G_5.00
07:03:35 - OI2: INFO - Single PCSF run for W_2.00_B_3.00_G_2.00
07:03:35 - OI2: INFO - Single PCSF run for W_2.00_B_3.00_G_3.00
07:03:36 - OI2: INFO - Single PCSF run for W_2.00_B_3.00_G_4.00
07:03:36 - OI2: INFO - Single PCSF run for W_2.00_B_3.00_G_5.00
07:03:36 - OI2: INFO - Single PCSF run for W_2.00_B_4.00_G_2.00
07:03:36 - OI2: INFO - Single PCSF run for W_2.00_B_4.00_G_3.00
07:03:36 - OI2: INFO - Single PCSF run for W_2.00_B_4.00_G_4.00
07:03:37 - OI2: INFO - Single PCSF run for W_2.00_B_4.00_G_5.00
07:03:37 - OI2: INFO - Single PCSF run for W_2.00_B_5.00_G_2.00
07:03:37 - OI2: INFO - Single PCSF run for W_2.00_B_5.00_G_3.00
07:03:37 - OI2: INFO - Single PCSF run for W_2.00_B_5.00_G_4.00
07:03:37 - OI2: INFO - Single PCSF run for W_2.00_B_5.00_G_5.00
07:03:38 - OI2: INFO - Single PCSF run for W_3.00_B_2.00_G_2.00
07:03:38 - OI2: INFO - Single PCSF run for W_3.00_B_2.00_G_3.00
07:03:38 - OI2: INFO - Single PCSF run for W_3.00_B_2.00_G_4.00
07:03:38 - OI2: INFO - Single PCSF run for W_3.00_B_2.00_G_5.00
07:03:38 - OI2: INFO - Single PCSF run for W_3.00_B_3.00_G_2.00
07:03:38 - OI2: INFO - Single PCSF run for W_3.00_B_3.00_G_3.00
07:03:39 - OI2: INFO - Single PCSF run for W_3.00_B_3.00_G_4.00
07:03:39 - OI2: INFO - Single PCSF run for W_3.00_B_3.00_G_5.00
07:03:39 - OI2: INFO - Single PCSF run for W_3.00_B_4.00_G_2.00
07:03:39 - OI2: INFO - Single PCSF run for W_3.00_B_4.00_G_3.00
07:03:39 - OI2: INFO - Single PCSF run for W_3.00_B_4.00_G_4.00
07:03:40 - OI2: INFO - Single PCSF run for W_3.00_B_4.00_G_5.00
07:03:40 - OI2: INFO - Single PCSF run for W_3.00_B_5.00_G_2.00
07:03:40 - OI2: INFO - Single PCSF run for W_3.00_B_5.00_G_3.00
07:03:40 - OI2: INFO - Single PCSF run for W_3.00_B_5.00_G_4.00
07:03:40 - OI2: INFO - Single PCSF run for W_3.00_B_5.00_G_5.00
07:03:40 - OI2: INFO - Single PCSF run for W_4.00_B_2.00_G_2.00
07:03:41 - OI2: INFO - Single PCSF run for W_4.00_B_2.00_G_3.00
07:03:41 - OI2: INFO - Single PCSF run for W_4.00_B_2.00_G_4.00
07:03:41 - OI2: INFO - Single PCSF run for W_4.00_B_2.00_G_5.00
07:03:41 - OI2: INFO - Single PCSF run for W_4.00_B_3.00_G_2.00
07:03:41 - OI2: INFO - Single PCSF run for W_4.00_B_3.00_G_3.00
07:03:41 - OI2: INFO - Single PCSF run for W_4.00_B_3.00_G_4.00
07:03:42 - OI2: INFO - Single PCSF run for W_4.00_B_3.00_G_5.00
07:03:42 - OI2: INFO - Single PCSF run for W_4.00_B_4.00_G_2.00
07:03:42 - OI2: INFO - Single PCSF run for W_4.00_B_4.00_G_3.00
07:03:42 - OI2: INFO - Single PCSF run for W_4.00_B_4.00_G_4.00
07:03:42 - OI2: INFO - Single PCSF run for W_4.00_B_4.00_G_5.00
07:03:43 - OI2: INFO - Single PCSF run for W_4.00_B_5.00_G_2.00
07:03:43 - OI2: INFO - Single PCSF run for W_4.00_B_5.00_G_3.00
07:03:43 - OI2: INFO - Single PCSF run for W_4.00_B_5.00_G_4.00
07:03:43 - OI2: INFO - Single PCSF run for W_4.00_B_5.00_G_5.00
07:03:43 - OI2: INFO - Single PCSF run for W_5.00_B_2.00_G_2.00
07:03:43 - OI2: INFO - Single PCSF run for W_5.00_B_2.00_G_3.00
07:03:44 - OI2: INFO - Single PCSF run for W_5.00_B_2.00_G_4.00
07:03:44 - OI2: INFO - Single PCSF run for W_5.00_B_2.00_G_5.00
07:03:44 - OI2: INFO - Single PCSF run for W_5.00_B_3.00_G_2.00
07:03:44 - OI2: INFO - Single PCSF run for W_5.00_B_3.00_G_3.00
07:03:44 - OI2: INFO - Single PCSF run for W_5.00_B_3.00_G_4.00
07:03:44 - OI2: INFO - Single PCSF run for W_5.00_B_3.00_G_5.00
07:03:45 - OI2: INFO - Single PCSF run for W_5.00_B_4.00_G_2.00
07:03:45 - OI2: INFO - Single PCSF run for W_5.00_B_4.00_G_3.00
07:03:45 - OI2: INFO - Single PCSF run for W_5.00_B_4.00_G_4.00
07:03:45 - OI2: INFO - Single PCSF run for W_5.00_B_4.00_G_5.00
07:03:45 - OI2: INFO - Single PCSF run for W_5.00_B_5.00_G_2.00
07:03:46 - OI2: INFO - Single PCSF run for W_5.00_B_5.00_G_3.00
07:03:46 - OI2: INFO - Single PCSF run for W_5.00_B_5.00_G_4.00
07:03:46 - OI2: INFO - Single PCSF run for W_5.00_B_5.00_G_5.00
07:03:50 - OI2: INFO - Duplicated gene symbols in the prize file (we'll keep the max prize):
07:03:50 - OI2: INFO - []
07:03:50 - OI2: INFO - Members of the prize file not present in the interactome:
07:03:50 - OI2: INFO - ['ADAMTS3', 'FGF16', 'FNDC1', 'FNDC7', 'FOXQ1', 'MUC21', 'PRG3', 'SULF2', 'TECTA', 'VWA3B']
07:03:51 - OI2: INFO - Duplicated gene symbols in the prize file (we'll keep the max prize):
07:03:51 - OI2: INFO - []
07:03:51 - OI2: INFO - Members of the prize file not present in the interactome:
07:03:51 - OI2: INFO - ['ADAMTS3', 'FGF16', 'FNDC1', 'FNDC7', 'FOXQ1', 'MUC21', 'PRG3', 'SULF2', 'TECTA', 'VWA3B']
07:03:51 - OI2: INFO - Single PCSF run for W_2.00_B_2.00_G_2.00
07:03:51 - OI2: INFO - Single PCSF run for W_2.00_B_2.00_G_3.00
07:03:52 - OI2: INFO - Single PCSF run for W_2.00_B_2.00_G_4.00
07:03:52 - OI2: INFO - Single PCSF run for W_2.00_B_2.00_G_5.00
07:03:52 - OI2: INFO - Single PCSF run for W_2.00_B_3.00_G_2.00
07:03:52 - OI2: INFO - Single PCSF run for W_2.00_B_3.00_G_3.00
07:03:52 - OI2: INFO - Single PCSF run for W_2.00_B_3.00_G_4.00
07:03:53 - OI2: INFO - Single PCSF run for W_2.00_B_3.00_G_5.00
07:03:53 - OI2: INFO - Single PCSF run for W_2.00_B_4.00_G_2.00
07:03:53 - OI2: INFO - Single PCSF run for W_2.00_B_4.00_G_3.00
07:03:53 - OI2: INFO - Single PCSF run for W_2.00_B_4.00_G_4.00
07:03:53 - OI2: INFO - Single PCSF run for W_2.00_B_4.00_G_5.00
07:03:53 - OI2: INFO - Single PCSF run for W_2.00_B_5.00_G_2.00
07:03:54 - OI2: INFO - Single PCSF run for W_2.00_B_5.00_G_3.00
07:03:54 - OI2: INFO - Single PCSF run for W_2.00_B_5.00_G_4.00
07:03:54 - OI2: INFO - Single PCSF run for W_2.00_B_5.00_G_5.00
07:03:54 - OI2: INFO - Single PCSF run for W_3.00_B_2.00_G_2.00
07:03:54 - OI2: INFO - Single PCSF run for W_3.00_B_2.00_G_3.00
07:03:55 - OI2: INFO - Single PCSF run for W_3.00_B_2.00_G_4.00
07:03:55 - OI2: INFO - Single PCSF run for W_3.00_B_2.00_G_5.00
07:03:55 - OI2: INFO - Single PCSF run for W_3.00_B_3.00_G_2.00
07:03:55 - OI2: INFO - Single PCSF run for W_3.00_B_3.00_G_3.00
07:03:55 - OI2: INFO - Single PCSF run for W_3.00_B_3.00_G_4.00
07:03:56 - OI2: INFO - Single PCSF run for W_3.00_B_3.00_G_5.00
07:03:56 - OI2: INFO - Single PCSF run for W_3.00_B_4.00_G_2.00
07:03:56 - OI2: INFO - Single PCSF run for W_3.00_B_4.00_G_3.00
07:03:56 - OI2: INFO - Single PCSF run for W_3.00_B_4.00_G_4.00
07:03:56 - OI2: INFO - Single PCSF run for W_3.00_B_4.00_G_5.00
07:03:56 - OI2: INFO - Single PCSF run for W_3.00_B_5.00_G_2.00
07:03:57 - OI2: INFO - Single PCSF run for W_3.00_B_5.00_G_3.00
07:03:57 - OI2: INFO - Single PCSF run for W_3.00_B_5.00_G_4.00
07:03:57 - OI2: INFO - Single PCSF run for W_3.00_B_5.00_G_5.00
07:03:57 - OI2: INFO - Single PCSF run for W_4.00_B_2.00_G_2.00
07:03:57 - OI2: INFO - Single PCSF run for W_4.00_B_2.00_G_3.00
07:03:58 - OI2: INFO - Single PCSF run for W_4.00_B_2.00_G_4.00
07:03:58 - OI2: INFO - Single PCSF run for W_4.00_B_2.00_G_5.00
07:03:58 - OI2: INFO - Single PCSF run for W_4.00_B_3.00_G_2.00
07:03:58 - OI2: INFO - Single PCSF run for W_4.00_B_3.00_G_3.00
07:03:58 - OI2: INFO - Single PCSF run for W_4.00_B_3.00_G_4.00
07:03:58 - OI2: INFO - Single PCSF run for W_4.00_B_3.00_G_5.00
07:03:59 - OI2: INFO - Single PCSF run for W_4.00_B_4.00_G_2.00
07:03:59 - OI2: INFO - Single PCSF run for W_4.00_B_4.00_G_3.00
07:03:59 - OI2: INFO - Single PCSF run for W_4.00_B_4.00_G_4.00
07:03:59 - OI2: INFO - Single PCSF run for W_4.00_B_4.00_G_5.00
07:03:59 - OI2: INFO - Single PCSF run for W_4.00_B_5.00_G_2.00
07:04:00 - OI2: INFO - Single PCSF run for W_4.00_B_5.00_G_3.00
07:04:00 - OI2: INFO - Single PCSF run for W_4.00_B_5.00_G_4.00
07:04:00 - OI2: INFO - Single PCSF run for W_4.00_B_5.00_G_5.00
07:04:00 - OI2: INFO - Single PCSF run for W_5.00_B_2.00_G_2.00
07:04:00 - OI2: INFO - Single PCSF run for W_5.00_B_2.00_G_3.00
07:04:00 - OI2: INFO - Single PCSF run for W_5.00_B_2.00_G_4.00
07:04:01 - OI2: INFO - Single PCSF run for W_5.00_B_2.00_G_5.00
07:04:01 - OI2: INFO - Single PCSF run for W_5.00_B_3.00_G_2.00
07:04:01 - OI2: INFO - Single PCSF run for W_5.00_B_3.00_G_3.00
07:04:01 - OI2: INFO - Single PCSF run for W_5.00_B_3.00_G_4.00
07:04:01 - OI2: INFO - Single PCSF run for W_5.00_B_3.00_G_5.00
07:04:01 - OI2: INFO - Single PCSF run for W_5.00_B_4.00_G_2.00
07:04:02 - OI2: INFO - Single PCSF run for W_5.00_B_4.00_G_3.00
07:04:02 - OI2: INFO - Single PCSF run for W_5.00_B_4.00_G_4.00
07:04:02 - OI2: INFO - Single PCSF run for W_5.00_B_4.00_G_5.00
07:04:02 - OI2: INFO - Single PCSF run for W_5.00_B_5.00_G_2.00
07:04:02 - OI2: INFO - Single PCSF run for W_5.00_B_5.00_G_3.00
07:04:03 - OI2: INFO - Single PCSF run for W_5.00_B_5.00_G_4.00
07:04:03 - OI2: INFO - Single PCSF run for W_5.00_B_5.00_G_5.00
07:04:07 - OI2: INFO - Duplicated gene symbols in the prize file (we'll keep the max prize):
07:04:07 - OI2: INFO - []
07:04:07 - OI2: INFO - Members of the prize file not present in the interactome:
07:04:07 - OI2: INFO - ['ADAMTS3', 'FGF16', 'FNDC1', 'FNDC7', 'FOXQ1', 'HTRA3', 'MUC21', 'PRG3', 'TECTA']
07:04:07 - OI2: INFO - Duplicated gene symbols in the prize file (we'll keep the max prize):
07:04:07 - OI2: INFO - []
07:04:07 - OI2: INFO - Members of the prize file not present in the interactome:
07:04:07 - OI2: INFO - ['ADAMTS3', 'FGF16', 'FNDC1', 'FNDC7', 'FOXQ1', 'HTRA3', 'MUC21', 'PRG3', 'TECTA']
07:04:08 - OI2: INFO - Single PCSF run for W_2.00_B_2.00_G_2.00
07:04:08 - OI2: INFO - Single PCSF run for W_2.00_B_2.00_G_3.00
07:04:08 - OI2: INFO - Single PCSF run for W_2.00_B_2.00_G_4.00
07:04:08 - OI2: INFO - Single PCSF run for W_2.00_B_2.00_G_5.00
07:04:09 - OI2: INFO - Single PCSF run for W_2.00_B_3.00_G_2.00
07:04:09 - OI2: INFO - Single PCSF run for W_2.00_B_3.00_G_3.00
07:04:09 - OI2: INFO - Single PCSF run for W_2.00_B_3.00_G_4.00
07:04:09 - OI2: INFO - Single PCSF run for W_2.00_B_3.00_G_5.00
07:04:09 - OI2: INFO - Single PCSF run for W_2.00_B_4.00_G_2.00
07:04:10 - OI2: INFO - Single PCSF run for W_2.00_B_4.00_G_3.00
07:04:10 - OI2: INFO - Single PCSF run for W_2.00_B_4.00_G_4.00
07:04:10 - OI2: INFO - Single PCSF run for W_2.00_B_4.00_G_5.00
07:04:10 - OI2: INFO - Single PCSF run for W_2.00_B_5.00_G_2.00
07:04:10 - OI2: INFO - Single PCSF run for W_2.00_B_5.00_G_3.00
07:04:11 - OI2: INFO - Single PCSF run for W_2.00_B_5.00_G_4.00
07:04:11 - OI2: INFO - Single PCSF run for W_2.00_B_5.00_G_5.00
07:04:11 - OI2: INFO - Single PCSF run for W_3.00_B_2.00_G_2.00
07:04:11 - OI2: INFO - Single PCSF run for W_3.00_B_2.00_G_3.00
07:04:11 - OI2: INFO - Single PCSF run for W_3.00_B_2.00_G_4.00
07:04:11 - OI2: INFO - Single PCSF run for W_3.00_B_2.00_G_5.00
07:04:12 - OI2: INFO - Single PCSF run for W_3.00_B_3.00_G_2.00
07:04:12 - OI2: INFO - Single PCSF run for W_3.00_B_3.00_G_3.00
07:04:12 - OI2: INFO - Single PCSF run for W_3.00_B_3.00_G_4.00
07:04:12 - OI2: INFO - Single PCSF run for W_3.00_B_3.00_G_5.00
07:04:12 - OI2: INFO - Single PCSF run for W_3.00_B_4.00_G_2.00
07:04:12 - OI2: INFO - Single PCSF run for W_3.00_B_4.00_G_3.00
07:04:13 - OI2: INFO - Single PCSF run for W_3.00_B_4.00_G_4.00
07:04:13 - OI2: INFO - Single PCSF run for W_3.00_B_4.00_G_5.00
07:04:13 - OI2: INFO - Single PCSF run for W_3.00_B_5.00_G_2.00
07:04:13 - OI2: INFO - Single PCSF run for W_3.00_B_5.00_G_3.00
07:04:13 - OI2: INFO - Single PCSF run for W_3.00_B_5.00_G_4.00
07:04:14 - OI2: INFO - Single PCSF run for W_3.00_B_5.00_G_5.00
07:04:14 - OI2: INFO - Single PCSF run for W_4.00_B_2.00_G_2.00
07:04:14 - OI2: INFO - Single PCSF run for W_4.00_B_2.00_G_3.00
07:04:14 - OI2: INFO - Single PCSF run for W_4.00_B_2.00_G_4.00
07:04:15 - OI2: INFO - Single PCSF run for W_4.00_B_2.00_G_5.00
07:04:15 - OI2: INFO - Single PCSF run for W_4.00_B_3.00_G_2.00
07:04:15 - OI2: INFO - Single PCSF run for W_4.00_B_3.00_G_3.00
07:04:15 - OI2: INFO - Single PCSF run for W_4.00_B_3.00_G_4.00
07:04:15 - OI2: INFO - Single PCSF run for W_4.00_B_3.00_G_5.00
07:04:15 - OI2: INFO - Single PCSF run for W_4.00_B_4.00_G_2.00
07:04:16 - OI2: INFO - Single PCSF run for W_4.00_B_4.00_G_3.00
07:04:16 - OI2: INFO - Single PCSF run for W_4.00_B_4.00_G_4.00
07:04:16 - OI2: INFO - Single PCSF run for W_4.00_B_4.00_G_5.00
07:04:16 - OI2: INFO - Single PCSF run for W_4.00_B_5.00_G_2.00
07:04:16 - OI2: INFO - Single PCSF run for W_4.00_B_5.00_G_3.00
07:04:17 - OI2: INFO - Single PCSF run for W_4.00_B_5.00_G_4.00
07:04:17 - OI2: INFO - Single PCSF run for W_5.00_B_2.00_G_2.00
07:04:17 - OI2: INFO - Single PCSF run for W_4.00_B_5.00_G_5.00
07:04:17 - OI2: INFO - Single PCSF run for W_5.00_B_2.00_G_3.00
07:04:17 - OI2: INFO - Single PCSF run for W_5.00_B_2.00_G_4.00
07:04:17 - OI2: INFO - Single PCSF run for W_5.00_B_2.00_G_5.00
07:04:18 - OI2: INFO - Single PCSF run for W_5.00_B_3.00_G_2.00
07:04:18 - OI2: INFO - Single PCSF run for W_5.00_B_3.00_G_3.00
07:04:18 - OI2: INFO - Single PCSF run for W_5.00_B_3.00_G_4.00
07:04:18 - OI2: INFO - Single PCSF run for W_5.00_B_3.00_G_5.00
07:04:18 - OI2: INFO - Single PCSF run for W_5.00_B_4.00_G_2.00
07:04:18 - OI2: INFO - Single PCSF run for W_5.00_B_4.00_G_3.00
07:04:19 - OI2: INFO - Single PCSF run for W_5.00_B_4.00_G_4.00
07:04:19 - OI2: INFO - Single PCSF run for W_5.00_B_4.00_G_5.00
07:04:19 - OI2: INFO - Single PCSF run for W_5.00_B_5.00_G_2.00
07:04:19 - OI2: INFO - Single PCSF run for W_5.00_B_5.00_G_3.00
07:04:19 - OI2: INFO - Single PCSF run for W_5.00_B_5.00_G_4.00
07:04:20 - OI2: INFO - Single PCSF run for W_5.00_B_5.00_G_5.00
07:04:24 - OI2: INFO - Duplicated gene symbols in the prize file (we'll keep the max prize):
07:04:24 - OI2: INFO - []
07:04:24 - OI2: INFO - Members of the prize file not present in the interactome:
07:04:24 - OI2: INFO - ['FNDC1', 'FNDC7', 'FOXQ1', 'HMCN2', 'PARM1', 'SULF2', 'TECTA', 'THSD4']
07:04:24 - OI2: INFO - Duplicated gene symbols in the prize file (we'll keep the max prize):
07:04:24 - OI2: INFO - []
07:04:24 - OI2: INFO - Members of the prize file not present in the interactome:
07:04:24 - OI2: INFO - ['FNDC1', 'FNDC7', 'FOXQ1', 'HMCN2', 'PARM1', 'SULF2', 'TECTA', 'THSD4']
07:04:25 - OI2: INFO - Single PCSF run for W_2.00_B_2.00_G_2.00
07:04:25 - OI2: INFO - Single PCSF run for W_2.00_B_2.00_G_3.00
07:04:25 - OI2: INFO - Single PCSF run for W_2.00_B_2.00_G_4.00
07:04:26 - OI2: INFO - Single PCSF run for W_2.00_B_2.00_G_5.00
07:04:26 - OI2: INFO - Single PCSF run for W_2.00_B_3.00_G_2.00
07:04:26 - OI2: INFO - Single PCSF run for W_2.00_B_3.00_G_3.00
07:04:26 - OI2: INFO - Single PCSF run for W_2.00_B_3.00_G_4.00
07:04:26 - OI2: INFO - Single PCSF run for W_2.00_B_3.00_G_5.00
07:04:27 - OI2: INFO - Single PCSF run for W_2.00_B_4.00_G_2.00
07:04:27 - OI2: INFO - Single PCSF run for W_2.00_B_4.00_G_3.00
07:04:27 - OI2: INFO - Single PCSF run for W_2.00_B_4.00_G_4.00
07:04:27 - OI2: INFO - Single PCSF run for W_2.00_B_4.00_G_5.00
07:04:27 - OI2: INFO - Single PCSF run for W_2.00_B_5.00_G_2.00
07:04:27 - OI2: INFO - Single PCSF run for W_2.00_B_5.00_G_3.00
07:04:28 - OI2: INFO - Single PCSF run for W_2.00_B_5.00_G_4.00
07:04:28 - OI2: INFO - Single PCSF run for W_2.00_B_5.00_G_5.00
07:04:28 - OI2: INFO - Single PCSF run for W_3.00_B_2.00_G_2.00
07:04:28 - OI2: INFO - Single PCSF run for W_3.00_B_2.00_G_3.00
07:04:28 - OI2: INFO - Single PCSF run for W_3.00_B_2.00_G_4.00
07:04:29 - OI2: INFO - Single PCSF run for W_3.00_B_2.00_G_5.00
07:04:29 - OI2: INFO - Single PCSF run for W_3.00_B_3.00_G_2.00
07:04:29 - OI2: INFO - Single PCSF run for W_3.00_B_3.00_G_3.00
07:04:29 - OI2: INFO - Single PCSF run for W_3.00_B_3.00_G_4.00
07:04:29 - OI2: INFO - Single PCSF run for W_3.00_B_3.00_G_5.00
07:04:29 - OI2: INFO - Single PCSF run for W_3.00_B_4.00_G_2.00
07:04:30 - OI2: INFO - Single PCSF run for W_3.00_B_4.00_G_3.00
07:04:30 - OI2: INFO - Single PCSF run for W_3.00_B_4.00_G_4.00
07:04:30 - OI2: INFO - Single PCSF run for W_3.00_B_4.00_G_5.00
07:04:30 - OI2: INFO - Single PCSF run for W_3.00_B_5.00_G_2.00
07:04:30 - OI2: INFO - Single PCSF run for W_3.00_B_5.00_G_3.00
07:04:31 - OI2: INFO - Single PCSF run for W_3.00_B_5.00_G_4.00
07:04:31 - OI2: INFO - Single PCSF run for W_3.00_B_5.00_G_5.00
07:04:31 - OI2: INFO - Single PCSF run for W_4.00_B_2.00_G_2.00
07:04:31 - OI2: INFO - Single PCSF run for W_4.00_B_2.00_G_3.00
07:04:31 - OI2: INFO - Single PCSF run for W_4.00_B_2.00_G_4.00
07:04:32 - OI2: INFO - Single PCSF run for W_4.00_B_2.00_G_5.00
07:04:32 - OI2: INFO - Single PCSF run for W_4.00_B_3.00_G_2.00
07:04:32 - OI2: INFO - Single PCSF run for W_4.00_B_3.00_G_3.00
07:04:32 - OI2: INFO - Single PCSF run for W_4.00_B_3.00_G_4.00
07:04:32 - OI2: INFO - Single PCSF run for W_4.00_B_3.00_G_5.00
07:04:32 - OI2: INFO - Single PCSF run for W_4.00_B_4.00_G_2.00
07:04:33 - OI2: INFO - Single PCSF run for W_4.00_B_4.00_G_3.00
07:04:33 - OI2: INFO - Single PCSF run for W_4.00_B_4.00_G_4.00
07:04:33 - OI2: INFO - Single PCSF run for W_4.00_B_4.00_G_5.00
07:04:33 - OI2: INFO - Single PCSF run for W_4.00_B_5.00_G_2.00
07:04:33 - OI2: INFO - Single PCSF run for W_4.00_B_5.00_G_3.00
07:04:34 - OI2: INFO - Single PCSF run for W_4.00_B_5.00_G_4.00
07:04:34 - OI2: INFO - Single PCSF run for W_4.00_B_5.00_G_5.00
07:04:34 - OI2: INFO - Single PCSF run for W_5.00_B_2.00_G_2.00
07:04:34 - OI2: INFO - Single PCSF run for W_5.00_B_2.00_G_3.00
07:04:34 - OI2: INFO - Single PCSF run for W_5.00_B_2.00_G_4.00
07:04:34 - OI2: INFO - Single PCSF run for W_5.00_B_2.00_G_5.00
07:04:35 - OI2: INFO - Single PCSF run for W_5.00_B_3.00_G_2.00
07:04:35 - OI2: INFO - Single PCSF run for W_5.00_B_3.00_G_3.00
07:04:35 - OI2: INFO - Single PCSF run for W_5.00_B_3.00_G_4.00
07:04:35 - OI2: INFO - Single PCSF run for W_5.00_B_3.00_G_5.00
07:04:35 - OI2: INFO - Single PCSF run for W_5.00_B_4.00_G_2.00
07:04:36 - OI2: INFO - Single PCSF run for W_5.00_B_4.00_G_3.00
07:04:36 - OI2: INFO - Single PCSF run for W_5.00_B_4.00_G_4.00
07:04:36 - OI2: INFO - Single PCSF run for W_5.00_B_4.00_G_5.00
07:04:36 - OI2: INFO - Single PCSF run for W_5.00_B_5.00_G_2.00
07:04:36 - OI2: INFO - Single PCSF run for W_5.00_B_5.00_G_3.00
07:04:36 - OI2: INFO - Single PCSF run for W_5.00_B_5.00_G_4.00
07:04:37 - OI2: INFO - Single PCSF run for W_5.00_B_5.00_G_5.00
Parameter sweep done
Starting parameter listing
Parameter listing done
Starting network construction
07:05:06 - OI2: INFO - Duplicated gene symbols in the prize file (we'll keep the max prize):
07:05:06 - OI2: INFO - []
07:05:06 - OI2: INFO - Members of the prize file not present in the interactome:
07:05:06 - OI2: INFO - ['ADAMTS3', 'FGF16', 'FNDC1', 'FNDC7', 'FOXQ1', 'MUC21', 'PRG3', 'SULF2', 'TECTA', 'VWA3B']
07:05:10 - OI2: INFO - Duplicated gene symbols in the prize file (we'll keep the max prize):
07:05:10 - OI2: INFO - []
07:05:10 - OI2: INFO - Members of the prize file not present in the interactome:
07:05:10 - OI2: INFO - ['ADAMTS3', 'FGF16', 'FNDC1', 'FNDC7', 'FOXQ1', 'MUC21', 'PRG3', 'SULF2', 'TECTA', 'VWA3B']
07:05:15 - OI2: INFO - Duplicated gene symbols in the prize file (we'll keep the max prize):
07:05:15 - OI2: INFO - []
07:05:15 - OI2: INFO - Members of the prize file not present in the interactome:
07:05:15 - OI2: INFO - ['ECM2', 'FNDC1', 'FOXQ1', 'FREM3', 'PRG3', 'THSD4']
07:05:19 - OI2: INFO - Duplicated gene symbols in the prize file (we'll keep the max prize):
07:05:19 - OI2: INFO - []
07:05:19 - OI2: INFO - Members of the prize file not present in the interactome:
07:05:19 - OI2: INFO - ['ECM2', 'FNDC1', 'FOXQ1', 'FREM3', 'PRG3', 'THSD4']
07:05:23 - OI2: INFO - Duplicated gene symbols in the prize file (we'll keep the max prize):
07:05:23 - OI2: INFO - []
07:05:23 - OI2: INFO - Members of the prize file not present in the interactome:
07:05:23 - OI2: INFO - ['ECM2', 'FGF16', 'FNDC7', 'FOXQ1', 'PRG3', 'TECTA']
07:05:27 - OI2: INFO - Duplicated gene symbols in the prize file (we'll keep the max prize):
07:05:27 - OI2: INFO - []
07:05:27 - OI2: INFO - Members of the prize file not present in the interactome:
07:05:27 - OI2: INFO - ['ECM2', 'FGF16', 'FNDC7', 'FOXQ1', 'PRG3', 'TECTA']
07:05:31 - OI2: INFO - Duplicated gene symbols in the prize file (we'll keep the max prize):
07:05:31 - OI2: INFO - []
07:05:31 - OI2: INFO - Members of the prize file not present in the interactome:
07:05:31 - OI2: INFO - ['FNDC1', 'FNDC7', 'FOXQ1', 'HMCN2', 'PARM1', 'SULF2', 'TECTA', 'THSD4']
07:05:35 - OI2: INFO - Duplicated gene symbols in the prize file (we'll keep the max prize):
07:05:35 - OI2: INFO - []
07:05:35 - OI2: INFO - Members of the prize file not present in the interactome:
07:05:35 - OI2: INFO - ['FNDC1', 'FNDC7', 'FOXQ1', 'HMCN2', 'PARM1', 'SULF2', 'TECTA', 'THSD4']
07:05:39 - OI2: INFO - Duplicated gene symbols in the prize file (we'll keep the max prize):
07:05:39 - OI2: INFO - []
07:05:39 - OI2: INFO - Members of the prize file not present in the interactome:
07:05:39 - OI2: INFO - ['ADAMTS3', 'FGF16', 'FNDC1', 'FNDC7', 'FOXQ1', 'HTRA3', 'MUC21', 'PRG3', 'TECTA']
07:05:43 - OI2: INFO - Duplicated gene symbols in the prize file (we'll keep the max prize):
07:05:43 - OI2: INFO - []
07:05:43 - OI2: INFO - Members of the prize file not present in the interactome:
07:05:43 - OI2: INFO - ['ADAMTS3', 'FGF16', 'FNDC1', 'FNDC7', 'FOXQ1', 'HTRA3', 'MUC21', 'PRG3', 'TECTA']
Network construction done
